<?xml version="1.0" encoding="UTF-8"?>
<!-- Generated by org.testng.reporters.JUnitReportReporter -->
<testsuite skipped="0" hostname="LAPTOP-5DCVRO90" name="framework.timesheetProject.UnitTests" tests="1" failures="0" timestamp="26 Aug 2018 06:47:37 GMT" time="0.016" errors="0">
  <testcase name="validateTimeSheetCalculations" time="0.016" classname="framework.timesheetProject.UnitTests"/>
</testsuite> <!-- framework.timesheetProject.UnitTests -->
